07/02/2019, 13:55:07 - Running Natrium installer (v7.0.0)
07/02/2019, 13:55:07 - 
07/02/2019, 13:55:07 - Configuration:
07/02/2019, 13:55:07 -  - Project path: /Users/bvkuijck/Desktop/workspace/ios/#ios-suite/Natrium/Example/CocoaPods
07/02/2019, 13:55:07 -  - Target name: NatriumExampleProject2
07/02/2019, 13:55:07 -  - Configuration: Debug
07/02/2019, 13:55:07 -  - Environment: Production
07/02/2019, 13:55:07 - 
07/02/2019, 13:55:07 - Project configuration:
07/02/2019, 13:55:07 -  - Xcode target name: NatriumExampleProject2
07/02/2019, 13:55:07 -  - Info.plist path: /Users/bvkuijck/Desktop/workspace/ios/#ios-suite/Natrium/Example/CocoaPods/NatriumExampleProject/Info.plist
07/02/2019, 13:55:07 - 
07/02/2019, 13:55:07 - Parsing /Users/bvkuijck/Desktop/workspace/ios/#ios-suite/Natrium/Example/CocoaPods/.natrium.yml...
07/02/2019, 13:55:07 - [environments]
07/02/2019, 13:55:07 -   - Staging
07/02/2019, 13:55:07 -   - Production
07/02/2019, 13:55:07 - [natrium_variables]
07/02/2019, 13:55:07 -   SomeOtherVar = false
07/02/2019, 13:55:07 -   DebugString = debugString
07/02/2019, 13:55:07 - [target_specific]
07/02/2019, 13:55:07 -   NatriumExampleProject2
07/02/2019, 13:55:07 -     [variables]
07/02/2019, 13:55:07 -       testVariableBoolean = true
07/02/2019, 13:55:07 -       testVariableInteger = 555
07/02/2019, 13:55:07 -     [natrium_variables]
07/02/2019, 13:55:07 -       DebugString = debugStringExampleProject2
07/02/2019, 13:55:07 -     [appicon]
07/02/2019, 13:55:07 -       original = icon2.png
07/02/2019, 13:55:07 -   [xcconfig]
07/02/2019, 13:55:07 -     PRODUCT_BUNDLE_IDENTIFIER:Release = com.esites.app.debugStringExampleProject2
07/02/2019, 13:55:07 -     PRODUCT_BUNDLE_IDENTIFIER:Debug = com.esites.app.production
07/02/2019, 13:55:07 -   [variables]
07/02/2019, 13:55:07 -     testVariableString = debugStringExampleProject2
07/02/2019, 13:55:07 -     testVariableInteger = 555
07/02/2019, 13:55:07 -     testVariableBoolean = true
07/02/2019, 13:55:07 -     nilVariable = nil
07/02/2019, 13:55:07 -     testVariableDouble = 5.5
07/02/2019, 13:55:07 -   [files]
07/02/2019, 13:55:07 -     Files/file.html = Files/file-production.html
07/02/2019, 14:00:21 - Running Natrium installer (v7.0.0)
07/02/2019, 14:00:21 - 
07/02/2019, 14:00:21 - Configuration:
07/02/2019, 14:00:21 -  - Project path: /Users/bvkuijck/Desktop/workspace/ios/#ios-suite/Natrium/Example/CocoaPods
07/02/2019, 14:00:21 -  - Target name: NatriumExampleProject2
07/02/2019, 14:00:21 -  - Configuration: Debug
07/02/2019, 14:00:21 -  - Environment: Production
07/02/2019, 14:00:21 - 
07/02/2019, 14:00:21 - Project configuration:
07/02/2019, 14:00:21 -  - Xcode target name: NatriumExampleProject2
07/02/2019, 14:00:21 -  - Info.plist path: /Users/bvkuijck/Desktop/workspace/ios/#ios-suite/Natrium/Example/CocoaPods/NatriumExampleProject/Info.plist
07/02/2019, 14:00:21 - 
07/02/2019, 14:00:21 - Parsing /Users/bvkuijck/Desktop/workspace/ios/#ios-suite/Natrium/Example/CocoaPods/.natrium.yml...
07/02/2019, 14:00:21 - [environments]
07/02/2019, 14:00:21 -   - Staging
07/02/2019, 14:00:21 -   - Production
07/02/2019, 14:00:21 - [natrium_variables]
07/02/2019, 14:00:21 -   DebugString = debugString
07/02/2019, 14:00:21 -   SomeOtherVar = false
07/02/2019, 14:00:21 - [target_specific]
07/02/2019, 14:00:21 -   NatriumExampleProject2
07/02/2019, 14:00:21 -     [appicon]
07/02/2019, 14:00:21 -       original = icon2.png
07/02/2019, 14:00:21 -     [variables]
07/02/2019, 14:00:21 -       testVariableBoolean = true
07/02/2019, 14:00:21 -       testVariableInteger = 555
07/02/2019, 14:00:21 -     [natrium_variables]
07/02/2019, 14:00:21 -       DebugString = debugStringExampleProject2
07/02/2019, 14:00:21 -   [xcconfig]
07/02/2019, 14:00:21 -     PRODUCT_BUNDLE_IDENTIFIER:Release = com.esites.app.debugStringExampleProject2
07/02/2019, 14:00:21 -     PRODUCT_BUNDLE_IDENTIFIER:Debug = com.esites.app.production
07/02/2019, 14:00:21 -   [variables]
07/02/2019, 14:00:21 -     testVariableBoolean = true
07/02/2019, 14:00:21 -     testVariableString = debugStringExampleProject2
07/02/2019, 14:00:21 -     testVariableInteger = 555
07/02/2019, 14:00:21 -     nilVariable = nil
07/02/2019, 14:00:21 -     testVariableDouble = 5.5
07/02/2019, 14:00:21 -   [files]
07/02/2019, 14:00:21 -     Files/file.html = Files/file-production.html
07/02/2019, 14:01:17 - Running Natrium installer (v7.0.0)
07/02/2019, 14:01:17 - 
07/02/2019, 14:01:17 - Configuration:
07/02/2019, 14:01:17 -  - Project path: /Users/bvkuijck/Desktop/workspace/ios/#ios-suite/Natrium/Example/CocoaPods
07/02/2019, 14:01:17 -  - Target name: NatriumExampleProject2
07/02/2019, 14:01:17 -  - Configuration: Debug
07/02/2019, 14:01:17 -  - Environment: Production
07/02/2019, 14:01:17 - 
07/02/2019, 14:01:17 - Project configuration:
07/02/2019, 14:01:17 -  - Xcode target name: NatriumExampleProject2
07/02/2019, 14:01:17 -  - Info.plist path: /Users/bvkuijck/Desktop/workspace/ios/#ios-suite/Natrium/Example/CocoaPods/NatriumExampleProject/Info.plist
07/02/2019, 14:01:17 - 
07/02/2019, 14:01:17 - Parsing /Users/bvkuijck/Desktop/workspace/ios/#ios-suite/Natrium/Example/CocoaPods/.natrium.yml...
07/02/2019, 14:01:17 - [environments]
07/02/2019, 14:01:17 -   - Staging
07/02/2019, 14:01:17 -   - Production
07/02/2019, 14:01:17 - [natrium_variables]
07/02/2019, 14:01:17 -   DebugString = debugString
07/02/2019, 14:01:17 -   SomeOtherVar = false
07/02/2019, 14:01:17 - [target_specific]
07/02/2019, 14:01:17 -   NatriumExampleProject2
07/02/2019, 14:01:17 -     [appicon]
07/02/2019, 14:01:17 -       original = icon2.png
07/02/2019, 14:01:17 -     [natrium_variables]
07/02/2019, 14:01:17 -       DebugString = debugStringExampleProject2
07/02/2019, 14:01:17 -     [variables]
07/02/2019, 14:01:17 -       testVariableInteger = 555
07/02/2019, 14:01:17 -       testVariableBoolean = true
07/02/2019, 14:01:17 -   [xcconfig]
07/02/2019, 14:01:17 -     PRODUCT_BUNDLE_IDENTIFIER:Release = com.esites.app.debugStringExampleProject2
07/02/2019, 14:01:17 -     PRODUCT_BUNDLE_IDENTIFIER:Debug = com.esites.app.production
07/02/2019, 14:01:17 -   [variables]
07/02/2019, 14:01:17 -     testVariableDouble = 5.5
07/02/2019, 14:01:17 -     testVariableString = debugStringExampleProject2
07/02/2019, 14:01:17 -     testVariableBoolean = true
07/02/2019, 14:01:17 -     nilVariable = nil
07/02/2019, 14:01:17 -     testVariableInteger = 555
07/02/2019, 14:01:17 -   [files]
07/02/2019, 14:01:17 -     Files/file.html = Files/file-production.html
07/02/2019, 14:04:01 - Running Natrium installer (v7.0.0)
07/02/2019, 14:04:01 - 
07/02/2019, 14:04:01 - Configuration:
07/02/2019, 14:04:01 -  - Project path: /Users/bvkuijck/Desktop/workspace/ios/#ios-suite/Natrium/Example/CocoaPods
07/02/2019, 14:04:01 -  - Target name: NatriumExampleProject2
07/02/2019, 14:04:01 -  - Configuration: Debug
07/02/2019, 14:04:01 -  - Environment: Production
07/02/2019, 14:04:01 - 
07/02/2019, 14:04:01 - Project configuration:
07/02/2019, 14:04:01 -  - Xcode target name: NatriumExampleProject2
07/02/2019, 14:04:01 -  - Info.plist path: /Users/bvkuijck/Desktop/workspace/ios/#ios-suite/Natrium/Example/CocoaPods/NatriumExampleProject/Info.plist
07/02/2019, 14:04:01 - 
07/02/2019, 14:04:01 - Parsing /Users/bvkuijck/Desktop/workspace/ios/#ios-suite/Natrium/Example/CocoaPods/.natrium.yml...
07/02/2019, 14:04:01 - [environments]
07/02/2019, 14:04:01 -   - Staging
07/02/2019, 14:04:01 -   - Production
07/02/2019, 14:04:01 - [natrium_variables]
07/02/2019, 14:04:01 -   SomeOtherVar = false
07/02/2019, 14:04:01 -   DebugString = debugString
07/02/2019, 14:04:01 - [target_specific]
07/02/2019, 14:04:01 -   NatriumExampleProject2
07/02/2019, 14:04:01 -     [variables]
07/02/2019, 14:04:01 -       testVariableBoolean = true
07/02/2019, 14:04:01 -       testVariableInteger = 555
07/02/2019, 14:04:01 -     [natrium_variables]
07/02/2019, 14:04:01 -       DebugString = debugStringExampleProject2
07/02/2019, 14:04:01 -     [appicon]
07/02/2019, 14:04:01 -       original = icon2.png
07/02/2019, 14:04:01 -   [xcconfig]
07/02/2019, 14:04:01 -     PRODUCT_BUNDLE_IDENTIFIER:Debug = com.esites.app.production
07/02/2019, 14:04:01 -     PRODUCT_BUNDLE_IDENTIFIER:Release = com.esites.app.debugStringExampleProject2
07/02/2019, 14:04:01 -   [variables]
07/02/2019, 14:04:01 -     testVariableString = debugStringExampleProject2
07/02/2019, 14:04:01 -     testVariableInteger = 555
07/02/2019, 14:04:01 -     testVariableBoolean = true
07/02/2019, 14:04:01 -     testVariableDouble = 5.5
07/02/2019, 14:04:01 -     nilVariable = nil
07/02/2019, 14:04:01 -   [files]
07/02/2019, 14:04:01 -     Files/file.html = Files/file-production.html
07/02/2019, 14:05:08 - Running Natrium installer (v7.0.0)
07/02/2019, 14:05:08 - 
07/02/2019, 14:05:08 - Configuration:
07/02/2019, 14:05:08 -  - Project path: /Users/bvkuijck/Desktop/workspace/ios/#ios-suite/Natrium/Example/CocoaPods
07/02/2019, 14:05:08 -  - Target name: NatriumExampleProject2
07/02/2019, 14:05:08 -  - Configuration: Debug
07/02/2019, 14:05:08 -  - Environment: Production
07/02/2019, 14:05:08 - 
07/02/2019, 14:05:08 - Project configuration:
07/02/2019, 14:05:08 -  - Xcode target name: NatriumExampleProject2
07/02/2019, 14:05:08 -  - Info.plist path: /Users/bvkuijck/Desktop/workspace/ios/#ios-suite/Natrium/Example/CocoaPods/NatriumExampleProject/Info.plist
07/02/2019, 14:05:08 - 
07/02/2019, 14:05:08 - Parsing /Users/bvkuijck/Desktop/workspace/ios/#ios-suite/Natrium/Example/CocoaPods/.natrium.yml...
07/02/2019, 14:05:08 - [environments]
07/02/2019, 14:05:08 -   - Staging
07/02/2019, 14:05:08 -   - Production
07/02/2019, 14:05:08 - [natrium_variables]
07/02/2019, 14:05:08 -   DebugString = debugString
07/02/2019, 14:05:08 -   SomeOtherVar = false
07/02/2019, 14:05:08 - [target_specific]
07/02/2019, 14:05:08 -   NatriumExampleProject2
07/02/2019, 14:05:08 -     [appicon]
07/02/2019, 14:05:08 -       original = icon2.png
07/02/2019, 14:05:08 -     [variables]
07/02/2019, 14:05:08 -       testVariableInteger = 555
07/02/2019, 14:05:08 -       testVariableBoolean = true
07/02/2019, 14:05:08 -     [natrium_variables]
07/02/2019, 14:05:08 -       DebugString = debugStringExampleProject2
07/02/2019, 14:05:08 -   [xcconfig]
07/02/2019, 14:05:08 -     PRODUCT_BUNDLE_IDENTIFIER:Debug = com.esites.app.production
07/02/2019, 14:05:08 -     PRODUCT_BUNDLE_IDENTIFIER:Release = com.esites.app.debugStringExampleProject2
07/02/2019, 14:05:08 -   [variables]
07/02/2019, 14:05:08 -     nilVariable = nil
07/02/2019, 14:05:08 -     testVariableDouble = 5.5
07/02/2019, 14:05:08 -     testVariableString = debugStringExampleProject2
07/02/2019, 14:05:08 -     testVariableInteger = 555
07/02/2019, 14:05:08 -     testVariableBoolean = true
07/02/2019, 14:05:08 -   [files]
07/02/2019, 14:05:08 -     Files/file.html = Files/file-production.html
07/02/2019, 14:05:35 - Running Natrium installer (v7.0.0)
07/02/2019, 14:05:35 - 
07/02/2019, 14:05:35 - Configuration:
07/02/2019, 14:05:35 -  - Project path: /Users/bvkuijck/Desktop/workspace/ios/#ios-suite/Natrium/Example/CocoaPods
07/02/2019, 14:05:35 -  - Target name: NatriumExampleProject2
07/02/2019, 14:05:35 -  - Configuration: Debug
07/02/2019, 14:05:35 -  - Environment: Production
07/02/2019, 14:05:35 - 
07/02/2019, 14:05:35 - Project configuration:
07/02/2019, 14:05:35 -  - Xcode target name: NatriumExampleProject2
07/02/2019, 14:05:35 -  - Info.plist path: /Users/bvkuijck/Desktop/workspace/ios/#ios-suite/Natrium/Example/CocoaPods/NatriumExampleProject/Info.plist
07/02/2019, 14:05:35 - 
07/02/2019, 14:05:35 - Parsing /Users/bvkuijck/Desktop/workspace/ios/#ios-suite/Natrium/Example/CocoaPods/.natrium.yml...
07/02/2019, 14:05:35 - [environments]
07/02/2019, 14:05:35 -   - Staging
07/02/2019, 14:05:35 -   - Production
07/02/2019, 14:05:35 - [natrium_variables]
07/02/2019, 14:05:35 -   DebugString = debugString
07/02/2019, 14:05:35 -   SomeOtherVar = false
07/02/2019, 14:05:35 - [target_specific]
07/02/2019, 14:05:35 -   NatriumExampleProject2
07/02/2019, 14:05:35 -     [appicon]
07/02/2019, 14:05:35 -       original = icon2.png
07/02/2019, 14:05:35 -     [variables]
07/02/2019, 14:05:35 -       testVariableBoolean = true
07/02/2019, 14:05:35 -       testVariableInteger = 555
07/02/2019, 14:05:35 -     [natrium_variables]
07/02/2019, 14:05:35 -       DebugString = debugStringExampleProject2
07/02/2019, 14:05:35 -   [xcconfig]
07/02/2019, 14:05:35 -     PRODUCT_BUNDLE_IDENTIFIER:Debug = com.esites.app.production
07/02/2019, 14:05:35 -     PRODUCT_BUNDLE_IDENTIFIER:Release = com.esites.app.debugStringExampleProject2
07/02/2019, 14:05:35 -   [variables]
07/02/2019, 14:05:35 -     nilVariable = nil
07/02/2019, 14:05:35 -     testVariableInteger = 555
07/02/2019, 14:05:35 -     testVariableString = debugStringExampleProject2
07/02/2019, 14:05:35 -     testVariableDouble = 5.5
07/02/2019, 14:05:35 -     testVariableBoolean = true
07/02/2019, 14:05:35 -   [files]
07/02/2019, 14:05:35 -     Files/file.html = Files/file-production.html
07/02/2019, 14:06:49 - Running Natrium installer (v7.0.0)
07/02/2019, 14:06:49 - 
07/02/2019, 14:06:49 - Configuration:
07/02/2019, 14:06:49 -  - Project path: /Users/bvkuijck/Desktop/workspace/ios/#ios-suite/Natrium/Example/CocoaPods
07/02/2019, 14:06:49 -  - Target name: NatriumExampleProject2
07/02/2019, 14:06:49 -  - Configuration: Debug
07/02/2019, 14:06:49 -  - Environment: Production
07/02/2019, 14:06:49 - 
07/02/2019, 14:06:49 - Project configuration:
07/02/2019, 14:06:49 -  - Xcode target name: NatriumExampleProject2
07/02/2019, 14:06:49 -  - Info.plist path: /Users/bvkuijck/Desktop/workspace/ios/#ios-suite/Natrium/Example/CocoaPods/NatriumExampleProject/Info.plist
07/02/2019, 14:06:49 - 
07/02/2019, 14:06:49 - Parsing /Users/bvkuijck/Desktop/workspace/ios/#ios-suite/Natrium/Example/CocoaPods/.natrium.yml...
07/02/2019, 14:06:49 - [environments]
07/02/2019, 14:06:49 -   - Staging
07/02/2019, 14:06:49 -   - Production
07/02/2019, 14:06:49 - [natrium_variables]
07/02/2019, 14:06:49 -   SomeOtherVar = false
07/02/2019, 14:06:49 -   DebugString = debugString
07/02/2019, 14:06:49 - [target_specific]
07/02/2019, 14:06:49 -   NatriumExampleProject2
07/02/2019, 14:06:49 -     [variables]
07/02/2019, 14:06:49 -       testVariableInteger = 555
07/02/2019, 14:06:49 -       testVariableBoolean = true
07/02/2019, 14:06:49 -     [appicon]
07/02/2019, 14:06:49 -       original = icon2.png
07/02/2019, 14:06:49 -     [natrium_variables]
07/02/2019, 14:06:49 -       DebugString = debugStringExampleProject2
07/02/2019, 14:06:49 -   [xcconfig]
07/02/2019, 14:06:49 -     PRODUCT_BUNDLE_IDENTIFIER:Debug = com.esites.app.production
07/02/2019, 14:06:49 -     PRODUCT_BUNDLE_IDENTIFIER:Release = com.esites.app.debugStringExampleProject2
07/02/2019, 14:06:49 -   [variables]
07/02/2019, 14:06:49 -     testVariableString = debugStringExampleProject2
07/02/2019, 14:06:49 -     testVariableInteger = 555
07/02/2019, 14:06:49 -     testVariableDouble = 5.5
07/02/2019, 14:06:49 -     testVariableBoolean = true
07/02/2019, 14:06:49 -     nilVariable = nil
07/02/2019, 14:06:49 -   [files]
07/02/2019, 14:06:49 -     Files/file.html = Files/file-production.html
07/02/2019, 14:07:17 - Running Natrium installer (v7.0.0)
07/02/2019, 14:07:17 - 
07/02/2019, 14:07:17 - Configuration:
07/02/2019, 14:07:17 -  - Project path: /Users/bvkuijck/Desktop/workspace/ios/#ios-suite/Natrium/Example/CocoaPods
07/02/2019, 14:07:17 -  - Target name: NatriumExampleProject2
07/02/2019, 14:07:17 -  - Configuration: Debug
07/02/2019, 14:07:17 -  - Environment: Production
07/02/2019, 14:07:17 - 
07/02/2019, 14:07:17 - Project configuration:
07/02/2019, 14:07:17 -  - Xcode target name: NatriumExampleProject2
07/02/2019, 14:07:17 -  - Info.plist path: /Users/bvkuijck/Desktop/workspace/ios/#ios-suite/Natrium/Example/CocoaPods/NatriumExampleProject/Info.plist
07/02/2019, 14:07:17 - 
07/02/2019, 14:07:17 - Parsing /Users/bvkuijck/Desktop/workspace/ios/#ios-suite/Natrium/Example/CocoaPods/.natrium.yml...
07/02/2019, 14:07:17 - [environments]
07/02/2019, 14:07:17 -   - Staging
07/02/2019, 14:07:17 -   - Production
07/02/2019, 14:07:17 - [natrium_variables]
07/02/2019, 14:07:17 -   SomeOtherVar = false
07/02/2019, 14:07:17 -   DebugString = debugString
07/02/2019, 14:07:17 - [target_specific]
07/02/2019, 14:07:17 -   NatriumExampleProject2
07/02/2019, 14:07:17 -     [appicon]
07/02/2019, 14:07:17 -       original = icon2.png
07/02/2019, 14:07:17 -     [variables]
07/02/2019, 14:07:17 -       testVariableBoolean = true
07/02/2019, 14:07:17 -       testVariableInteger = 555
07/02/2019, 14:07:17 -     [natrium_variables]
07/02/2019, 14:07:17 -       DebugString = debugStringExampleProject2
07/02/2019, 14:07:17 -   [xcconfig]
07/02/2019, 14:07:17 -     PRODUCT_BUNDLE_IDENTIFIER:Release = com.esites.app.debugStringExampleProject2
07/02/2019, 14:07:17 -     PRODUCT_BUNDLE_IDENTIFIER:Debug = com.esites.app.production
07/02/2019, 14:07:17 -   [variables]
07/02/2019, 14:07:17 -     testVariableBoolean = true
07/02/2019, 14:07:17 -     nilVariable = nil
07/02/2019, 14:07:17 -     testVariableDouble = 5.5
07/02/2019, 14:07:17 -     testVariableString = debugStringExampleProject2
07/02/2019, 14:07:17 -     testVariableInteger = 555
07/02/2019, 14:07:17 -   [files]
07/02/2019, 14:07:17 -     Files/file.html = Files/file-production.html
